# JRE version: Java(TM) SE Runtime Environment (17.0+35) (build 17+35-LTS-2724)
# Java VM: Java HotSpot(TM) 64-Bit Server VM (17+35-LTS-2724, mixed mode, sharing, tiered, compressed oops, compressed class ptrs, g1 gc, windows-amd64)
GC Precious Log:
 CPUs: 8 total, 8 available
 Memory: 16149M
 Large Page Support: Disabled
 NUMA Support: Disabled
 Compressed Oops: Enabled (Zero based)
 Heap Region Size: 2M
 Heap Min Capacity: 8M
 Heap Initial Capacity: 254M
 Heap Max Capacity: 4038M
 Pre-touch: Disabled
 Parallel Workers: 8
 Concurrent Workers: 2
 Concurrent Refinement Workers: 8
 Periodic GC: Disabled
Heap:
 garbage-first heap   total 356352K, used 124573K [0x0000000703a00000, 0x0000000800000000)
  region size 2048K, 1 young (2048K), 1 survivors (2048K)
 Metaspace       used 93878K, committed 94528K, reserved 1138688K
  class space    used 10848K, committed 11136K, reserved 1048576K
GC Heap History (20 events):
Event: 39.212 GC heap after
{Heap after GC invocations=26 (full 0):
 garbage-first heap   total 163840K, used 71476K [0x0000000703a00000, 0x0000000800000000)
  region size 2048K, 2 young (4096K), 2 survivors (4096K)
 Metaspace       used 83990K, committed 84544K, reserved 1130496K
  class space    used 9604K, committed 9856K, reserved 1048576K
}
Event: 39.837 GC heap before
{Heap before GC invocations=27 (full 0):
 garbage-first heap   total 163840K, used 126772K [0x0000000703a00000, 0x0000000800000000)
  region size 2048K, 29 young (59392K), 2 survivors (4096K)
 Metaspace       used 93029K, committed 93696K, reserved 1138688K
  class space    used 10724K, committed 11008K, reserved 1048576K
}
Event: 39.842 GC heap after
{Heap after GC invocations=28 (full 0):
 garbage-first heap   total 163840K, used 74802K [0x0000000703a00000, 0x0000000800000000)
  region size 2048K, 3 young (6144K), 3 survivors (6144K)
 Metaspace       used 93029K, committed 93696K, reserved 1138688K
  class space    used 10724K, committed 11008K, reserved 1048576K
}
Event: 39.870 GC heap before
{Heap before GC invocations=28 (full 0):
 garbage-first heap   total 163840K, used 76850K [0x0000000703a00000, 0x0000000800000000)
  region size 2048K, 4 young (8192K), 3 survivors (6144K)
 Metaspace       used 93436K, committed 94080K, reserved 1138688K
  class space    used 10785K, committed 11072K, reserved 1048576K
}
Event: 39.874 GC heap after
{Heap after GC invocations=29 (full 0):
 garbage-first heap   total 163840K, used 69211K [0x0000000703a00000, 0x0000000800000000)
  region size 2048K, 1 young (2048K), 1 survivors (2048K)
 Metaspace       used 93436K, committed 94080K, reserved 1138688K
  class space    used 10785K, committed 11072K, reserved 1048576K
}
Event: 40.046 GC heap before
{Heap before GC invocations=29 (full 0):
 garbage-first heap   total 163840K, used 151131K [0x0000000703a00000, 0x0000000800000000)
  region size 2048K, 18 young (36864K), 1 survivors (2048K)
 Metaspace       used 93762K, committed 94336K, reserved 1138688K
  class space    used 10826K, committed 11072K, reserved 1048576K
}
Event: 40.050 GC heap after
{Heap after GC invocations=30 (full 0):
 garbage-first heap   total 169984K, used 89627K [0x0000000703a00000, 0x0000000800000000)
  region size 2048K, 4 young (8192K), 4 survivors (8192K)
 Metaspace       used 93762K, committed 94336K, reserved 1138688K
  class space    used 10826K, committed 11072K, reserved 1048576K
}
Event: 40.159 GC heap before
{Heap before GC invocations=30 (full 0):
 garbage-first heap   total 169984K, used 124443K [0x0000000703a00000, 0x0000000800000000)
  region size 2048K, 23 young (47104K), 4 survivors (8192K)
 Metaspace       used 93842K, committed 94400K, reserved 1138688K
  class space    used 10828K, committed 11072K, reserved 1048576K
}
Event: 40.164 GC heap after
{Heap after GC invocations=31 (full 0):
 garbage-first heap   total 169984K, used 85550K [0x0000000703a00000, 0x0000000800000000)
  region size 2048K, 3 young (6144K), 3 survivors (6144K)
 Metaspace       used 93842K, committed 94400K, reserved 1138688K
  class space    used 10828K, committed 11072K, reserved 1048576K
}
Event: 40.389 GC heap before
{Heap before GC invocations=32 (full 0):
 garbage-first heap   total 208896K, used 171566K [0x0000000703a00000, 0x0000000800000000)
  region size 2048K, 23 young (47104K), 3 survivors (6144K)
 Metaspace       used 93779K, committed 94400K, reserved 1138688K
  class space    used 10825K, committed 11072K, reserved 1048576K
}
Event: 40.396 GC heap after
{Heap after GC invocations=33 (full 0):
 garbage-first heap   total 208896K, used 101509K [0x0000000703a00000, 0x0000000800000000)
  region size 2048K, 3 young (6144K), 3 survivors (6144K)
 Metaspace       used 93779K, committed 94400K, reserved 1138688K
  class space    used 10825K, committed 11072K, reserved 1048576K
}
Event: 40.407 GC heap before
{Heap before GC invocations=33 (full 0):
 garbage-first heap   total 208896K, used 105605K [0x0000000703a00000, 0x0000000800000000)
  region size 2048K, 5 young (10240K), 3 survivors (6144K)
 Metaspace       used 93783K, committed 94400K, reserved 1138688K
  class space    used 10825K, committed 11072K, reserved 1048576K
}
Event: 40.414 GC heap after
{Heap after GC invocations=34 (full 0):
 garbage-first heap   total 356352K, used 101059K [0x0000000703a00000, 0x0000000800000000)
  region size 2048K, 1 young (2048K), 1 survivors (2048K)
 Metaspace       used 93783K, committed 94400K, reserved 1138688K
  class space    used 10825K, committed 11072K, reserved 1048576K
}
Event: 40.821 GC heap before
{Heap before GC invocations=34 (full 0):
 garbage-first heap   total 356352K, used 312003K [0x0000000703a00000, 0x0000000800000000)
  region size 2048K, 56 young (114688K), 1 survivors (2048K)
 Metaspace       used 93873K, committed 94528K, reserved 1138688K
  class space    used 10846K, committed 11136K, reserved 1048576K
}
Event: 40.835 GC heap after
{Heap after GC invocations=35 (full 0):
 garbage-first heap   total 356352K, used 123662K [0x0000000703a00000, 0x0000000800000000)
  region size 2048K, 8 young (16384K), 8 survivors (16384K)
 Metaspace       used 93873K, committed 94528K, reserved 1138688K
  class space    used 10846K, committed 11136K, reserved 1048576K
}
Event: 40.917 GC heap before
{Heap before GC invocations=35 (full 0):
 garbage-first heap   total 356352K, used 226062K [0x0000000703a00000, 0x0000000800000000)
  region size 2048K, 58 young (118784K), 8 survivors (16384K)
 Metaspace       used 93877K, committed 94528K, reserved 1138688K
  class space    used 10848K, committed 11136K, reserved 1048576K
}
Event: 40.924 GC heap after
{Heap after GC invocations=36 (full 0):
 garbage-first heap   total 356352K, used 126022K [0x0000000703a00000, 0x0000000800000000)
  region size 2048K, 1 young (2048K), 1 survivors (2048K)
 Metaspace       used 93877K, committed 94528K, reserved 1138688K
  class space    used 10848K, committed 11136K, reserved 1048576K
}
Event: 41.020 GC heap before
{Heap before GC invocations=36 (full 0):
 garbage-first heap   total 356352K, used 242758K [0x0000000703a00000, 0x0000000800000000)
  region size 2048K, 58 young (118784K), 1 survivors (2048K)
 Metaspace       used 93878K, committed 94528K, reserved 1138688K
  class space    used 10848K, committed 11136K, reserved 1048576K
}
Event: 41.021 GC heap after
{Heap after GC invocations=37 (full 0):
 garbage-first heap   total 356352K, used 124991K [0x0000000703a00000, 0x0000000800000000)
  region size 2048K, 1 young (2048K), 1 survivors (2048K)
 Metaspace       used 93878K, committed 94528K, reserved 1138688K
  class space    used 10848K, committed 11136K, reserved 1048576K
}
Event: 41.225 GC heap before
{Heap before GC invocations=37 (full 0):
 garbage-first heap   total 356352K, used 266303K [0x0000000703a00000, 0x0000000800000000)
  region size 2048K, 70 young (143360K), 1 survivors (2048K)
 Metaspace       used 93878K, committed 94528K, reserved 1138688K
  class space    used 10848K, committed 11136K, reserved 1048576K
}

